[0m08:24:21.414089 [debug] [MainThread]: Sending event: {'category': 'dbt', 'action': 'invocation', 'label': 'start', 'context': [<snowplow_tracker.self_describing_json.SelfDescribingJson object at 0x76e2a476c5c0>, <snowplow_tracker.self_describing_json.SelfDescribingJson object at 0x76e2a4ceff50>, <snowplow_tracker.self_describing_json.SelfDescribingJson object at 0x76e2a4cece60>]}


============================== 08:24:21.418968 | 9d90d3c6-4945-4790-9df8-099404a143a7 ==============================
[0m08:24:21.418968 [info ] [MainThread]: Running with dbt=1.8.7
[0m08:24:21.419919 [debug] [MainThread]: running dbt with arguments {'printer_width': '80', 'indirect_selection': 'eager', 'log_cache_events': 'False', 'write_json': 'True', 'partial_parse': 'True', 'cache_selected_only': 'False', 'profiles_dir': '/home/ubuntu/.dbt', 'debug': 'False', 'version_check': 'True', 'log_path': '/home/ubuntu/dbt_proj/northwind4/logs', 'warn_error': 'None', 'fail_fast': 'False', 'use_colors': 'True', 'use_experimental_parser': 'False', 'no_print': 'None', 'quiet': 'False', 'empty': 'None', 'warn_error_options': 'WarnErrorOptions(include=[], exclude=[])', 'static_parser': 'True', 'log_format': 'default', 'introspect': 'True', 'target_path': 'None', 'invocation_command': 'dbt debug', 'send_anonymous_usage_stats': 'True'}
[0m08:24:21.432920 [info ] [MainThread]: dbt version: 1.8.7
[0m08:24:21.433748 [info ] [MainThread]: python version: 3.12.3
[0m08:24:21.439814 [info ] [MainThread]: python path: /home/ubuntu/airflow_venv/bin/python
[0m08:24:21.442807 [info ] [MainThread]: os info: Linux-6.8.0-1012-aws-x86_64-with-glibc2.39
[0m08:24:22.385877 [info ] [MainThread]: Using profiles dir at /home/ubuntu/.dbt
[0m08:24:22.386716 [info ] [MainThread]: Using profiles.yml file at /home/ubuntu/.dbt/profiles.yml
[0m08:24:22.387568 [info ] [MainThread]: Using dbt_project.yml file at /home/ubuntu/dbt_proj/northwind4/dbt_project.yml
[0m08:24:22.388456 [info ] [MainThread]: adapter type: snowflake
[0m08:24:22.389103 [info ] [MainThread]: adapter version: 1.8.3
[0m08:24:22.539087 [info ] [MainThread]: Configuration:
[0m08:24:22.539933 [info ] [MainThread]:   profiles.yml file [[32mOK found and valid[0m]
[0m08:24:22.540597 [info ] [MainThread]:   dbt_project.yml file [[32mOK found and valid[0m]
[0m08:24:22.541197 [info ] [MainThread]: Required dependencies:
[0m08:24:22.541910 [debug] [MainThread]: Executing "git --help"
[0m08:24:22.545474 [debug] [MainThread]: STDOUT: "b"usage: git [-v | --version] [-h | --help] [-C <path>] [-c <name>=<value>]\n           [--exec-path[=<path>]] [--html-path] [--man-path] [--info-path]\n           [-p | --paginate | -P | --no-pager] [--no-replace-objects] [--bare]\n           [--git-dir=<path>] [--work-tree=<path>] [--namespace=<name>]\n           [--config-env=<name>=<envvar>] <command> [<args>]\n\nThese are common Git commands used in various situations:\n\nstart a working area (see also: git help tutorial)\n   clone     Clone a repository into a new directory\n   init      Create an empty Git repository or reinitialize an existing one\n\nwork on the current change (see also: git help everyday)\n   add       Add file contents to the index\n   mv        Move or rename a file, a directory, or a symlink\n   restore   Restore working tree files\n   rm        Remove files from the working tree and from the index\n\nexamine the history and state (see also: git help revisions)\n   bisect    Use binary search to find the commit that introduced a bug\n   diff      Show changes between commits, commit and working tree, etc\n   grep      Print lines matching a pattern\n   log       Show commit logs\n   show      Show various types of objects\n   status    Show the working tree status\n\ngrow, mark and tweak your common history\n   branch    List, create, or delete branches\n   commit    Record changes to the repository\n   merge     Join two or more development histories together\n   rebase    Reapply commits on top of another base tip\n   reset     Reset current HEAD to the specified state\n   switch    Switch branches\n   tag       Create, list, delete or verify a tag object signed with GPG\n\ncollaborate (see also: git help workflows)\n   fetch     Download objects and refs from another repository\n   pull      Fetch from and integrate with another repository or a local branch\n   push      Update remote refs along with associated objects\n\n'git help -a' and 'git help -g' list available subcommands and some\nconcept guides. See 'git help <command>' or 'git help <concept>'\nto read about a specific subcommand or concept.\nSee 'git help git' for an overview of the system.\n""
[0m08:24:22.546201 [debug] [MainThread]: STDERR: "b''"
[0m08:24:22.546892 [info ] [MainThread]:  - git [[32mOK found[0m]

[0m08:24:22.547530 [info ] [MainThread]: Connection:
[0m08:24:22.548167 [info ] [MainThread]:   account: spuhhnx-ulb05714
[0m08:24:22.549100 [info ] [MainThread]:   user: softaurus
[0m08:24:22.549692 [info ] [MainThread]:   database: NORTHWIND_RAW
[0m08:24:22.550257 [info ] [MainThread]:   warehouse: FIVETRAN_WAREHOUSE
[0m08:24:22.550899 [info ] [MainThread]:   role: ACCOUNTADMIN
[0m08:24:22.551526 [info ] [MainThread]:   schema: DBT
[0m08:24:22.552182 [info ] [MainThread]:   authenticator: None
[0m08:24:22.552913 [info ] [MainThread]:   oauth_client_id: None
[0m08:24:22.553588 [info ] [MainThread]:   query_tag: None
[0m08:24:22.554233 [info ] [MainThread]:   client_session_keep_alive: False
[0m08:24:22.554819 [info ] [MainThread]:   host: None
[0m08:24:22.555343 [info ] [MainThread]:   port: None
[0m08:24:22.555897 [info ] [MainThread]:   proxy_host: None
[0m08:24:22.556447 [info ] [MainThread]:   proxy_port: None
[0m08:24:22.556976 [info ] [MainThread]:   protocol: None
[0m08:24:22.557565 [info ] [MainThread]:   connect_retries: 1
[0m08:24:22.558108 [info ] [MainThread]:   connect_timeout: None
[0m08:24:22.558780 [info ] [MainThread]:   retry_on_database_errors: False
[0m08:24:22.559336 [info ] [MainThread]:   retry_all: False
[0m08:24:22.559902 [info ] [MainThread]:   insecure_mode: False
[0m08:24:22.560555 [info ] [MainThread]:   reuse_connections: None
[0m08:24:22.561315 [info ] [MainThread]: Registered adapter: snowflake=1.8.3
[0m08:24:22.563568 [debug] [MainThread]: Acquiring new snowflake connection 'debug'
[0m08:24:22.565349 [debug] [MainThread]: Using snowflake connection "debug"
[0m08:24:22.566097 [debug] [MainThread]: On debug: select 1 as id
[0m08:24:22.566725 [debug] [MainThread]: Opening a new connection, currently in state init
[0m08:24:23.037925 [debug] [MainThread]: SQL status: SUCCESS 1 in 0.471 seconds
[0m08:24:23.039544 [debug] [MainThread]: On debug: Close
[0m08:24:23.113008 [info ] [MainThread]:   Connection test: [[32mOK connection ok[0m]

[0m08:24:23.113897 [info ] [MainThread]: [32mAll checks passed![0m
[0m08:24:23.115364 [debug] [MainThread]: Resource report: {"command_name": "debug", "command_success": true, "command_wall_clock_time": 1.7895759, "process_user_time": 3.52267, "process_kernel_time": 0.36453, "process_mem_max_rss": "163024", "process_out_blocks": "32", "process_in_blocks": "0"}
[0m08:24:23.116223 [debug] [MainThread]: Command `dbt debug` succeeded at 08:24:23.116067 after 1.79 seconds
[0m08:24:23.116908 [debug] [MainThread]: Connection 'debug' was properly closed.
[0m08:24:23.117521 [debug] [MainThread]: Sending event: {'category': 'dbt', 'action': 'invocation', 'label': 'end', 'context': [<snowplow_tracker.self_describing_json.SelfDescribingJson object at 0x76e2a50d6b70>, <snowplow_tracker.self_describing_json.SelfDescribingJson object at 0x76e2a83b32c0>, <snowplow_tracker.self_describing_json.SelfDescribingJson object at 0x76e2a4bada00>]}
[0m08:24:23.118091 [debug] [MainThread]: Flushing usage events
[0m08:24:32.385801 [debug] [MainThread]: Sending event: {'category': 'dbt', 'action': 'invocation', 'label': 'start', 'context': [<snowplow_tracker.self_describing_json.SelfDescribingJson object at 0x710a14673f20>, <snowplow_tracker.self_describing_json.SelfDescribingJson object at 0x710a14643800>, <snowplow_tracker.self_describing_json.SelfDescribingJson object at 0x710a14673e00>]}


============================== 08:24:32.390959 | f9381cb2-4ce1-4257-8638-3ff7697ef8d0 ==============================
[0m08:24:32.390959 [info ] [MainThread]: Running with dbt=1.8.7
[0m08:24:32.392136 [debug] [MainThread]: running dbt with arguments {'printer_width': '80', 'indirect_selection': 'eager', 'write_json': 'True', 'log_cache_events': 'False', 'partial_parse': 'True', 'cache_selected_only': 'False', 'profiles_dir': '/home/ubuntu/.dbt', 'debug': 'False', 'warn_error': 'None', 'log_path': '/home/ubuntu/dbt_proj/northwind4/logs', 'fail_fast': 'False', 'version_check': 'True', 'use_colors': 'True', 'use_experimental_parser': 'False', 'no_print': 'None', 'quiet': 'False', 'empty': 'False', 'warn_error_options': 'WarnErrorOptions(include=[], exclude=[])', 'invocation_command': 'dbt run', 'static_parser': 'True', 'introspect': 'True', 'target_path': 'None', 'log_format': 'default', 'send_anonymous_usage_stats': 'True'}
[0m08:24:33.406365 [debug] [MainThread]: Sending event: {'category': 'dbt', 'action': 'project_id', 'label': 'f9381cb2-4ce1-4257-8638-3ff7697ef8d0', 'context': [<snowplow_tracker.self_describing_json.SelfDescribingJson object at 0x710a0bb0b710>]}
[0m08:24:33.497791 [debug] [MainThread]: Sending event: {'category': 'dbt', 'action': 'adapter_info', 'label': 'f9381cb2-4ce1-4257-8638-3ff7697ef8d0', 'context': [<snowplow_tracker.self_describing_json.SelfDescribingJson object at 0x710a0c017e00>]}
[0m08:24:33.498958 [info ] [MainThread]: Registered adapter: snowflake=1.8.3
[0m08:24:33.516993 [debug] [MainThread]: checksum: 4af21dafb485259c48497ac86b711ddb1982f3d0f1c0ca4e09356de488b753c0, vars: {}, profile: , target: , version: 1.8.7
[0m08:24:33.518378 [info ] [MainThread]: Unable to do partial parsing because saved manifest not found. Starting full parse.
[0m08:24:33.519131 [debug] [MainThread]: Sending event: {'category': 'dbt', 'action': 'partial_parser', 'label': 'f9381cb2-4ce1-4257-8638-3ff7697ef8d0', 'context': [<snowplow_tracker.self_describing_json.SelfDescribingJson object at 0x710a0ccf7aa0>]}
[0m08:24:35.778567 [debug] [MainThread]: Sending event: {'category': 'dbt', 'action': 'load_project', 'label': 'f9381cb2-4ce1-4257-8638-3ff7697ef8d0', 'context': [<snowplow_tracker.self_describing_json.SelfDescribingJson object at 0x710a0b6ce330>]}
[0m08:24:35.920444 [debug] [MainThread]: Sending event: {'category': 'dbt', 'action': 'resource_counts', 'label': 'f9381cb2-4ce1-4257-8638-3ff7697ef8d0', 'context': [<snowplow_tracker.self_describing_json.SelfDescribingJson object at 0x710a0b67f560>]}
[0m08:24:35.921168 [info ] [MainThread]: Found 2 models, 4 data tests, 454 macros
[0m08:24:35.921856 [debug] [MainThread]: Sending event: {'category': 'dbt', 'action': 'runnable_timing', 'label': 'f9381cb2-4ce1-4257-8638-3ff7697ef8d0', 'context': [<snowplow_tracker.self_describing_json.SelfDescribingJson object at 0x710a14f8b3b0>]}
[0m08:24:35.924483 [info ] [MainThread]: 
[0m08:24:35.925438 [debug] [MainThread]: Acquiring new snowflake connection 'master'
[0m08:24:35.933705 [debug] [ThreadPool]: Acquiring new snowflake connection 'list_NORTHWIND_RAW'
[0m08:24:35.957576 [debug] [ThreadPool]: Using snowflake connection "list_NORTHWIND_RAW"
[0m08:24:35.958206 [debug] [ThreadPool]: On list_NORTHWIND_RAW: /* {"app": "dbt", "dbt_version": "1.8.7", "profile_name": "northwind4", "target_name": "dev", "connection_name": "list_NORTHWIND_RAW"} */
show terse schemas in database NORTHWIND_RAW
    limit 10000
[0m08:24:35.958698 [debug] [ThreadPool]: Opening a new connection, currently in state init
[0m08:24:36.611996 [debug] [ThreadPool]: SQL status: SUCCESS 7 in 0.653 seconds
[0m08:24:36.614928 [debug] [ThreadPool]: On list_NORTHWIND_RAW: Close
[0m08:24:36.685081 [debug] [ThreadPool]: Re-using an available connection from the pool (formerly list_NORTHWIND_RAW, now create_NORTHWIND_RAW_DBT)
[0m08:24:36.685932 [debug] [ThreadPool]: Creating schema "database: "NORTHWIND_RAW"
schema: "DBT"
"
[0m08:24:36.693390 [debug] [ThreadPool]: Using snowflake connection "create_NORTHWIND_RAW_DBT"
[0m08:24:36.694069 [debug] [ThreadPool]: On create_NORTHWIND_RAW_DBT: /* {"app": "dbt", "dbt_version": "1.8.7", "profile_name": "northwind4", "target_name": "dev", "connection_name": "create_NORTHWIND_RAW_DBT"} */
create schema if not exists NORTHWIND_RAW.DBT
[0m08:24:36.694561 [debug] [ThreadPool]: Opening a new connection, currently in state closed
[0m08:24:37.070369 [debug] [ThreadPool]: SQL status: SUCCESS 1 in 0.376 seconds
[0m08:24:37.072039 [debug] [ThreadPool]: On create_NORTHWIND_RAW_DBT: Close
[0m08:24:37.120387 [debug] [ThreadPool]: Re-using an available connection from the pool (formerly create_NORTHWIND_RAW_DBT, now list_NORTHWIND_RAW_DBT)
[0m08:24:37.137039 [debug] [ThreadPool]: Using snowflake connection "list_NORTHWIND_RAW_DBT"
[0m08:24:37.137741 [debug] [ThreadPool]: On list_NORTHWIND_RAW_DBT: /* {"app": "dbt", "dbt_version": "1.8.7", "profile_name": "northwind4", "target_name": "dev", "connection_name": "list_NORTHWIND_RAW_DBT"} */
show objects in NORTHWIND_RAW.DBT limit 10000
[0m08:24:37.138207 [debug] [ThreadPool]: Opening a new connection, currently in state closed
[0m08:24:37.496708 [debug] [ThreadPool]: SQL status: SUCCESS 0 in 0.358 seconds
[0m08:24:37.499144 [debug] [ThreadPool]: On list_NORTHWIND_RAW_DBT: Close
[0m08:24:37.557370 [debug] [MainThread]: Sending event: {'category': 'dbt', 'action': 'runnable_timing', 'label': 'f9381cb2-4ce1-4257-8638-3ff7697ef8d0', 'context': [<snowplow_tracker.self_describing_json.SelfDescribingJson object at 0x710a0b3e3da0>]}
[0m08:24:37.558582 [info ] [MainThread]: Concurrency: 1 threads (target='dev')
[0m08:24:37.559311 [info ] [MainThread]: 
[0m08:24:37.565076 [debug] [Thread-1 (]: Began running node model.northwind4.my_first_dbt_model
[0m08:24:37.566254 [info ] [Thread-1 (]: 1 of 2 START sql table model DBT.my_first_dbt_model ............................ [RUN]
[0m08:24:37.567297 [debug] [Thread-1 (]: Re-using an available connection from the pool (formerly list_NORTHWIND_RAW_DBT, now model.northwind4.my_first_dbt_model)
[0m08:24:37.568094 [debug] [Thread-1 (]: Began compiling node model.northwind4.my_first_dbt_model
[0m08:24:37.581383 [debug] [Thread-1 (]: Writing injected SQL for node "model.northwind4.my_first_dbt_model"
[0m08:24:37.582747 [debug] [Thread-1 (]: Began executing node model.northwind4.my_first_dbt_model
[0m08:24:37.637820 [debug] [Thread-1 (]: Writing runtime sql for node "model.northwind4.my_first_dbt_model"
[0m08:24:37.639635 [debug] [Thread-1 (]: Using snowflake connection "model.northwind4.my_first_dbt_model"
[0m08:24:37.640257 [debug] [Thread-1 (]: On model.northwind4.my_first_dbt_model: /* {"app": "dbt", "dbt_version": "1.8.7", "profile_name": "northwind4", "target_name": "dev", "node_id": "model.northwind4.my_first_dbt_model"} */
create or replace transient table NORTHWIND_RAW.DBT.my_first_dbt_model
         as
        (/*
    Welcome to your first dbt model!
    Did you know that you can also configure models directly within SQL files?
    This will override configurations stated in dbt_project.yml

    Try changing "table" to "view" below
*/



with source_data as (

    select 1 as id
    union all
    select null as id

)

select *
from source_data

/*
    Uncomment the line below to remove records with null `id` values
*/

-- where id is not null
        );
[0m08:24:37.640856 [debug] [Thread-1 (]: Opening a new connection, currently in state closed
[0m08:24:39.070998 [debug] [Thread-1 (]: SQL status: SUCCESS 1 in 1.430 seconds
[0m08:24:39.114158 [debug] [Thread-1 (]: On model.northwind4.my_first_dbt_model: Close
[0m08:24:39.172779 [debug] [Thread-1 (]: Sending event: {'category': 'dbt', 'action': 'run_model', 'label': 'f9381cb2-4ce1-4257-8638-3ff7697ef8d0', 'context': [<snowplow_tracker.self_describing_json.SelfDescribingJson object at 0x710a159e0200>]}
[0m08:24:39.174020 [info ] [Thread-1 (]: 1 of 2 OK created sql table model DBT.my_first_dbt_model ....................... [[32mSUCCESS 1[0m in 1.60s]
[0m08:24:39.175217 [debug] [Thread-1 (]: Finished running node model.northwind4.my_first_dbt_model
[0m08:24:39.176847 [debug] [Thread-1 (]: Began running node model.northwind4.my_second_dbt_model
[0m08:24:39.177829 [info ] [Thread-1 (]: 2 of 2 START sql view model DBT.my_second_dbt_model ............................ [RUN]
[0m08:24:39.178739 [debug] [Thread-1 (]: Re-using an available connection from the pool (formerly model.northwind4.my_first_dbt_model, now model.northwind4.my_second_dbt_model)
[0m08:24:39.179316 [debug] [Thread-1 (]: Began compiling node model.northwind4.my_second_dbt_model
[0m08:24:39.184676 [debug] [Thread-1 (]: Writing injected SQL for node "model.northwind4.my_second_dbt_model"
[0m08:24:39.185620 [debug] [Thread-1 (]: Began executing node model.northwind4.my_second_dbt_model
[0m08:24:39.229292 [debug] [Thread-1 (]: Writing runtime sql for node "model.northwind4.my_second_dbt_model"
[0m08:24:39.230709 [debug] [Thread-1 (]: Using snowflake connection "model.northwind4.my_second_dbt_model"
[0m08:24:39.231320 [debug] [Thread-1 (]: On model.northwind4.my_second_dbt_model: /* {"app": "dbt", "dbt_version": "1.8.7", "profile_name": "northwind4", "target_name": "dev", "node_id": "model.northwind4.my_second_dbt_model"} */
create or replace   view NORTHWIND_RAW.DBT.my_second_dbt_model
  
   as (
    -- Use the `ref` function to select from other models

select *
from NORTHWIND_RAW.DBT.my_first_dbt_model
where id = 1
  );
[0m08:24:39.231947 [debug] [Thread-1 (]: Opening a new connection, currently in state closed
[0m08:24:39.729725 [debug] [Thread-1 (]: SQL status: SUCCESS 1 in 0.498 seconds
[0m08:24:39.733066 [debug] [Thread-1 (]: On model.northwind4.my_second_dbt_model: Close
[0m08:24:39.788593 [debug] [Thread-1 (]: Sending event: {'category': 'dbt', 'action': 'run_model', 'label': 'f9381cb2-4ce1-4257-8638-3ff7697ef8d0', 'context': [<snowplow_tracker.self_describing_json.SelfDescribingJson object at 0x710a0b9746e0>]}
[0m08:24:39.791661 [info ] [Thread-1 (]: 2 of 2 OK created sql view model DBT.my_second_dbt_model ....................... [[32mSUCCESS 1[0m in 0.61s]
[0m08:24:39.793925 [debug] [Thread-1 (]: Finished running node model.northwind4.my_second_dbt_model
[0m08:24:39.797360 [debug] [MainThread]: Connection 'master' was properly closed.
[0m08:24:39.798003 [debug] [MainThread]: Connection 'model.northwind4.my_second_dbt_model' was properly closed.
[0m08:24:39.798698 [info ] [MainThread]: 
[0m08:24:39.799622 [info ] [MainThread]: Finished running 1 table model, 1 view model in 0 hours 0 minutes and 3.87 seconds (3.87s).
[0m08:24:39.801624 [debug] [MainThread]: Command end result
[0m08:24:39.856973 [info ] [MainThread]: 
[0m08:24:39.857922 [info ] [MainThread]: [32mCompleted successfully[0m
[0m08:24:39.858635 [info ] [MainThread]: 
[0m08:24:39.859345 [info ] [MainThread]: Done. PASS=2 WARN=0 ERROR=0 SKIP=0 TOTAL=2
[0m08:24:39.860918 [debug] [MainThread]: Resource report: {"command_name": "run", "command_success": true, "command_wall_clock_time": 7.552561, "process_user_time": 6.611451, "process_kernel_time": 0.45234, "process_mem_max_rss": "173468", "process_out_blocks": "2800", "process_in_blocks": "0"}
[0m08:24:39.861882 [debug] [MainThread]: Command `dbt run` succeeded at 08:24:39.861732 after 7.55 seconds
[0m08:24:39.862578 [debug] [MainThread]: Sending event: {'category': 'dbt', 'action': 'invocation', 'label': 'end', 'context': [<snowplow_tracker.self_describing_json.SelfDescribingJson object at 0x710a14a47800>, <snowplow_tracker.self_describing_json.SelfDescribingJson object at 0x710a0b3853a0>, <snowplow_tracker.self_describing_json.SelfDescribingJson object at 0x710a1497ff50>]}
[0m08:24:39.863659 [debug] [MainThread]: Flushing usage events
[0m08:30:09.256022 [debug] [MainThread]: Sending event: {'category': 'dbt', 'action': 'invocation', 'label': 'start', 'context': [<snowplow_tracker.self_describing_json.SelfDescribingJson object at 0x7c2d2ed1db80>, <snowplow_tracker.self_describing_json.SelfDescribingJson object at 0x7c2d2e755d30>, <snowplow_tracker.self_describing_json.SelfDescribingJson object at 0x7c2d2d165640>]}


============================== 08:30:09.260770 | 40c28ffd-ae30-41b9-bea1-0e8ec75e204c ==============================
[0m08:30:09.260770 [info ] [MainThread]: Running with dbt=1.8.7
[0m08:30:09.261836 [debug] [MainThread]: running dbt with arguments {'printer_width': '80', 'indirect_selection': 'eager', 'write_json': 'True', 'log_cache_events': 'False', 'partial_parse': 'True', 'cache_selected_only': 'False', 'profiles_dir': '/home/ubuntu/.dbt', 'debug': 'False', 'warn_error': 'None', 'log_path': '/home/ubuntu/dbt_proj/northwind4/logs', 'version_check': 'True', 'fail_fast': 'False', 'use_colors': 'True', 'use_experimental_parser': 'False', 'no_print': 'None', 'quiet': 'False', 'empty': 'None', 'log_format': 'default', 'static_parser': 'True', 'introspect': 'True', 'warn_error_options': 'WarnErrorOptions(include=[], exclude=[])', 'target_path': 'None', 'invocation_command': 'dbt debug', 'send_anonymous_usage_stats': 'True'}
[0m08:30:09.274369 [info ] [MainThread]: dbt version: 1.8.7
[0m08:30:09.275111 [info ] [MainThread]: python version: 3.12.3
[0m08:30:09.275860 [info ] [MainThread]: python path: /home/ubuntu/airflow_venv/bin/python
[0m08:30:09.277226 [info ] [MainThread]: os info: Linux-6.8.0-1012-aws-x86_64-with-glibc2.39
[0m08:30:10.119735 [info ] [MainThread]: Using profiles dir at /home/ubuntu/.dbt
[0m08:30:10.120562 [info ] [MainThread]: Using profiles.yml file at /home/ubuntu/.dbt/profiles.yml
[0m08:30:10.121304 [info ] [MainThread]: Using dbt_project.yml file at /home/ubuntu/dbt_proj/northwind4/dbt_project.yml
[0m08:30:10.122387 [info ] [MainThread]: adapter type: snowflake
[0m08:30:10.123033 [info ] [MainThread]: adapter version: 1.8.3
[0m08:30:10.267088 [info ] [MainThread]: Configuration:
[0m08:30:10.267916 [info ] [MainThread]:   profiles.yml file [[32mOK found and valid[0m]
[0m08:30:10.268598 [info ] [MainThread]:   dbt_project.yml file [[32mOK found and valid[0m]
[0m08:30:10.269281 [info ] [MainThread]: Required dependencies:
[0m08:30:10.270001 [debug] [MainThread]: Executing "git --help"
[0m08:30:10.273733 [debug] [MainThread]: STDOUT: "b"usage: git [-v | --version] [-h | --help] [-C <path>] [-c <name>=<value>]\n           [--exec-path[=<path>]] [--html-path] [--man-path] [--info-path]\n           [-p | --paginate | -P | --no-pager] [--no-replace-objects] [--bare]\n           [--git-dir=<path>] [--work-tree=<path>] [--namespace=<name>]\n           [--config-env=<name>=<envvar>] <command> [<args>]\n\nThese are common Git commands used in various situations:\n\nstart a working area (see also: git help tutorial)\n   clone     Clone a repository into a new directory\n   init      Create an empty Git repository or reinitialize an existing one\n\nwork on the current change (see also: git help everyday)\n   add       Add file contents to the index\n   mv        Move or rename a file, a directory, or a symlink\n   restore   Restore working tree files\n   rm        Remove files from the working tree and from the index\n\nexamine the history and state (see also: git help revisions)\n   bisect    Use binary search to find the commit that introduced a bug\n   diff      Show changes between commits, commit and working tree, etc\n   grep      Print lines matching a pattern\n   log       Show commit logs\n   show      Show various types of objects\n   status    Show the working tree status\n\ngrow, mark and tweak your common history\n   branch    List, create, or delete branches\n   commit    Record changes to the repository\n   merge     Join two or more development histories together\n   rebase    Reapply commits on top of another base tip\n   reset     Reset current HEAD to the specified state\n   switch    Switch branches\n   tag       Create, list, delete or verify a tag object signed with GPG\n\ncollaborate (see also: git help workflows)\n   fetch     Download objects and refs from another repository\n   pull      Fetch from and integrate with another repository or a local branch\n   push      Update remote refs along with associated objects\n\n'git help -a' and 'git help -g' list available subcommands and some\nconcept guides. See 'git help <command>' or 'git help <concept>'\nto read about a specific subcommand or concept.\nSee 'git help git' for an overview of the system.\n""
[0m08:30:10.274573 [debug] [MainThread]: STDERR: "b''"
[0m08:30:10.275200 [info ] [MainThread]:  - git [[32mOK found[0m]

[0m08:30:10.275893 [info ] [MainThread]: Connection:
[0m08:30:10.276579 [info ] [MainThread]:   account: spuhhnx-ulb05714
[0m08:30:10.277224 [info ] [MainThread]:   user: softaurus
[0m08:30:10.277894 [info ] [MainThread]:   database: NORTHWIND_RAW
[0m08:30:10.278552 [info ] [MainThread]:   warehouse: FIVETRAN_WAREHOUSE
[0m08:30:10.279166 [info ] [MainThread]:   role: ACCOUNTADMIN
[0m08:30:10.279862 [info ] [MainThread]:   schema: DBT
[0m08:30:10.280491 [info ] [MainThread]:   authenticator: None
[0m08:30:10.281127 [info ] [MainThread]:   oauth_client_id: None
[0m08:30:10.281859 [info ] [MainThread]:   query_tag: None
[0m08:30:10.282617 [info ] [MainThread]:   client_session_keep_alive: False
[0m08:30:10.283286 [info ] [MainThread]:   host: None
[0m08:30:10.283949 [info ] [MainThread]:   port: None
[0m08:30:10.284576 [info ] [MainThread]:   proxy_host: None
[0m08:30:10.285184 [info ] [MainThread]:   proxy_port: None
[0m08:30:10.285819 [info ] [MainThread]:   protocol: None
[0m08:30:10.286427 [info ] [MainThread]:   connect_retries: 1
[0m08:30:10.287061 [info ] [MainThread]:   connect_timeout: None
[0m08:30:10.287825 [info ] [MainThread]:   retry_on_database_errors: False
[0m08:30:10.288611 [info ] [MainThread]:   retry_all: False
[0m08:30:10.289344 [info ] [MainThread]:   insecure_mode: False
[0m08:30:10.290133 [info ] [MainThread]:   reuse_connections: None
[0m08:30:10.291113 [info ] [MainThread]: Registered adapter: snowflake=1.8.3
[0m08:30:10.293816 [debug] [MainThread]: Acquiring new snowflake connection 'debug'
[0m08:30:10.296493 [debug] [MainThread]: Using snowflake connection "debug"
[0m08:30:10.297486 [debug] [MainThread]: On debug: select 1 as id
[0m08:30:10.298287 [debug] [MainThread]: Opening a new connection, currently in state init
[0m08:30:10.869104 [debug] [MainThread]: SQL status: SUCCESS 1 in 0.571 seconds
[0m08:30:10.870921 [debug] [MainThread]: On debug: Close
[0m08:30:10.929282 [info ] [MainThread]:   Connection test: [[32mOK connection ok[0m]

[0m08:30:10.930197 [info ] [MainThread]: [32mAll checks passed![0m
[0m08:30:10.931680 [debug] [MainThread]: Resource report: {"command_name": "debug", "command_success": true, "command_wall_clock_time": 1.7557373, "process_user_time": 3.594626, "process_kernel_time": 0.369024, "process_mem_max_rss": "163100", "process_out_blocks": "32", "process_in_blocks": "0"}
[0m08:30:10.932547 [debug] [MainThread]: Command `dbt debug` succeeded at 08:30:10.932341 after 1.76 seconds
[0m08:30:10.933113 [debug] [MainThread]: Connection 'debug' was properly closed.
[0m08:30:10.933721 [debug] [MainThread]: Sending event: {'category': 'dbt', 'action': 'invocation', 'label': 'end', 'context': [<snowplow_tracker.self_describing_json.SelfDescribingJson object at 0x7c2d28d035f0>, <snowplow_tracker.self_describing_json.SelfDescribingJson object at 0x7c2d301b32c0>, <snowplow_tracker.self_describing_json.SelfDescribingJson object at 0x7c2d301b3290>]}
[0m08:30:10.934346 [debug] [MainThread]: Flushing usage events
[0m08:30:17.530428 [debug] [MainThread]: Sending event: {'category': 'dbt', 'action': 'invocation', 'label': 'start', 'context': [<snowplow_tracker.self_describing_json.SelfDescribingJson object at 0x733ccb7d9e80>, <snowplow_tracker.self_describing_json.SelfDescribingJson object at 0x733ccbc7d2e0>, <snowplow_tracker.self_describing_json.SelfDescribingJson object at 0x733ccd105c70>]}


============================== 08:30:17.534853 | e6f36e72-5a57-4841-990d-1321544bd31c ==============================
[0m08:30:17.534853 [info ] [MainThread]: Running with dbt=1.8.7
[0m08:30:17.535693 [debug] [MainThread]: running dbt with arguments {'printer_width': '80', 'indirect_selection': 'eager', 'log_cache_events': 'False', 'write_json': 'True', 'partial_parse': 'True', 'cache_selected_only': 'False', 'profiles_dir': '/home/ubuntu/.dbt', 'debug': 'False', 'fail_fast': 'False', 'log_path': '/home/ubuntu/dbt_proj/northwind4/logs', 'version_check': 'True', 'warn_error': 'None', 'use_colors': 'True', 'use_experimental_parser': 'False', 'no_print': 'None', 'quiet': 'False', 'empty': 'False', 'log_format': 'default', 'introspect': 'True', 'static_parser': 'True', 'invocation_command': 'dbt run', 'target_path': 'None', 'warn_error_options': 'WarnErrorOptions(include=[], exclude=[])', 'send_anonymous_usage_stats': 'True'}
[0m08:30:18.613337 [debug] [MainThread]: Sending event: {'category': 'dbt', 'action': 'project_id', 'label': 'e6f36e72-5a57-4841-990d-1321544bd31c', 'context': [<snowplow_tracker.self_describing_json.SelfDescribingJson object at 0x733ccab57410>]}
[0m08:30:18.711181 [debug] [MainThread]: Sending event: {'category': 'dbt', 'action': 'adapter_info', 'label': 'e6f36e72-5a57-4841-990d-1321544bd31c', 'context': [<snowplow_tracker.self_describing_json.SelfDescribingJson object at 0x733ccb537290>]}
[0m08:30:18.712665 [info ] [MainThread]: Registered adapter: snowflake=1.8.3
[0m08:30:18.732751 [debug] [MainThread]: checksum: 4af21dafb485259c48497ac86b711ddb1982f3d0f1c0ca4e09356de488b753c0, vars: {}, profile: , target: , version: 1.8.7
[0m08:30:18.921270 [debug] [MainThread]: Partial parsing enabled: 0 files deleted, 0 files added, 1 files changed.
[0m08:30:18.922575 [debug] [MainThread]: Partial parsing: updated file: northwind4://models/example/my_first_dbt_model.sql
[0m08:30:19.611211 [debug] [MainThread]: Sending event: {'category': 'dbt', 'action': 'load_project', 'label': 'e6f36e72-5a57-4841-990d-1321544bd31c', 'context': [<snowplow_tracker.self_describing_json.SelfDescribingJson object at 0x733cc1d0f290>]}
[0m08:30:19.771430 [debug] [MainThread]: Sending event: {'category': 'dbt', 'action': 'resource_counts', 'label': 'e6f36e72-5a57-4841-990d-1321544bd31c', 'context': [<snowplow_tracker.self_describing_json.SelfDescribingJson object at 0x733cc19241d0>]}
[0m08:30:19.772567 [info ] [MainThread]: Found 2 models, 4 data tests, 454 macros
[0m08:30:19.773381 [debug] [MainThread]: Sending event: {'category': 'dbt', 'action': 'runnable_timing', 'label': 'e6f36e72-5a57-4841-990d-1321544bd31c', 'context': [<snowplow_tracker.self_describing_json.SelfDescribingJson object at 0x733cc1e06c60>]}
[0m08:30:19.776434 [info ] [MainThread]: 
[0m08:30:19.777618 [debug] [MainThread]: Acquiring new snowflake connection 'master'
[0m08:30:19.785957 [debug] [ThreadPool]: Acquiring new snowflake connection 'list_NORTHWIND_RAW'
[0m08:30:19.821932 [debug] [ThreadPool]: Using snowflake connection "list_NORTHWIND_RAW"
[0m08:30:19.824071 [debug] [ThreadPool]: On list_NORTHWIND_RAW: /* {"app": "dbt", "dbt_version": "1.8.7", "profile_name": "northwind4", "target_name": "dev", "connection_name": "list_NORTHWIND_RAW"} */
show terse schemas in database NORTHWIND_RAW
    limit 10000
[0m08:30:19.826378 [debug] [ThreadPool]: Opening a new connection, currently in state init
[0m08:30:20.395879 [debug] [ThreadPool]: SQL status: SUCCESS 8 in 0.569 seconds
[0m08:30:20.400785 [debug] [ThreadPool]: On list_NORTHWIND_RAW: Close
[0m08:30:20.460023 [debug] [ThreadPool]: Re-using an available connection from the pool (formerly list_NORTHWIND_RAW, now list_NORTHWIND_RAW_DBT)
[0m08:30:20.484430 [debug] [ThreadPool]: Using snowflake connection "list_NORTHWIND_RAW_DBT"
[0m08:30:20.485616 [debug] [ThreadPool]: On list_NORTHWIND_RAW_DBT: /* {"app": "dbt", "dbt_version": "1.8.7", "profile_name": "northwind4", "target_name": "dev", "connection_name": "list_NORTHWIND_RAW_DBT"} */
show objects in NORTHWIND_RAW.DBT limit 10000
[0m08:30:20.486588 [debug] [ThreadPool]: Opening a new connection, currently in state closed
[0m08:30:20.909765 [debug] [ThreadPool]: SQL status: SUCCESS 2 in 0.423 seconds
[0m08:30:20.913458 [debug] [ThreadPool]: On list_NORTHWIND_RAW_DBT: Close
[0m08:30:20.982802 [debug] [MainThread]: Sending event: {'category': 'dbt', 'action': 'runnable_timing', 'label': 'e6f36e72-5a57-4841-990d-1321544bd31c', 'context': [<snowplow_tracker.self_describing_json.SelfDescribingJson object at 0x733cc1e06750>]}
[0m08:30:20.983947 [info ] [MainThread]: Concurrency: 1 threads (target='dev')
[0m08:30:20.984790 [info ] [MainThread]: 
[0m08:30:20.991810 [debug] [Thread-1 (]: Began running node model.northwind4.my_first_dbt_model
[0m08:30:20.993123 [info ] [Thread-1 (]: 1 of 2 START sql table model DBT.my_first_dbt_model ............................ [RUN]
[0m08:30:20.994123 [debug] [Thread-1 (]: Re-using an available connection from the pool (formerly list_NORTHWIND_RAW_DBT, now model.northwind4.my_first_dbt_model)
[0m08:30:20.994813 [debug] [Thread-1 (]: Began compiling node model.northwind4.my_first_dbt_model
[0m08:30:21.009297 [debug] [Thread-1 (]: Writing injected SQL for node "model.northwind4.my_first_dbt_model"
[0m08:30:21.010614 [debug] [Thread-1 (]: Began executing node model.northwind4.my_first_dbt_model
[0m08:30:21.068664 [debug] [Thread-1 (]: Writing runtime sql for node "model.northwind4.my_first_dbt_model"
[0m08:30:21.070782 [debug] [Thread-1 (]: Using snowflake connection "model.northwind4.my_first_dbt_model"
[0m08:30:21.071631 [debug] [Thread-1 (]: On model.northwind4.my_first_dbt_model: /* {"app": "dbt", "dbt_version": "1.8.7", "profile_name": "northwind4", "target_name": "dev", "node_id": "model.northwind4.my_first_dbt_model"} */
create or replace transient table NORTHWIND_RAW.DBT.my_first_dbt_model
         as
        (/*
    Welcome to your first dbt model!
    Did you know that you can also configure models directly within SQL files?
    This will override configurations stated in dbt_project.yml

    Try changing "table" to "view" below
*/



with source_data as (

    select 133333 as id
    union all
    select null as id

)

select *
from source_data

/*
    Uncomment the line below to remove records with null `id` values
*/

-- where id is not null
        );
[0m08:30:21.072352 [debug] [Thread-1 (]: Opening a new connection, currently in state closed
[0m08:30:22.489498 [debug] [Thread-1 (]: SQL status: SUCCESS 1 in 1.417 seconds
[0m08:30:22.548082 [debug] [Thread-1 (]: On model.northwind4.my_first_dbt_model: Close
[0m08:30:22.601098 [debug] [Thread-1 (]: Sending event: {'category': 'dbt', 'action': 'run_model', 'label': 'e6f36e72-5a57-4841-990d-1321544bd31c', 'context': [<snowplow_tracker.self_describing_json.SelfDescribingJson object at 0x733cc22ce7e0>]}
[0m08:30:22.602572 [info ] [Thread-1 (]: 1 of 2 OK created sql table model DBT.my_first_dbt_model ....................... [[32mSUCCESS 1[0m in 1.60s]
[0m08:30:22.603982 [debug] [Thread-1 (]: Finished running node model.northwind4.my_first_dbt_model
[0m08:30:22.605699 [debug] [Thread-1 (]: Began running node model.northwind4.my_second_dbt_model
[0m08:30:22.606678 [info ] [Thread-1 (]: 2 of 2 START sql view model DBT.my_second_dbt_model ............................ [RUN]
[0m08:30:22.607761 [debug] [Thread-1 (]: Re-using an available connection from the pool (formerly model.northwind4.my_first_dbt_model, now model.northwind4.my_second_dbt_model)
[0m08:30:22.608481 [debug] [Thread-1 (]: Began compiling node model.northwind4.my_second_dbt_model
[0m08:30:22.612846 [debug] [Thread-1 (]: Writing injected SQL for node "model.northwind4.my_second_dbt_model"
[0m08:30:22.613907 [debug] [Thread-1 (]: Began executing node model.northwind4.my_second_dbt_model
[0m08:30:22.653667 [debug] [Thread-1 (]: Writing runtime sql for node "model.northwind4.my_second_dbt_model"
[0m08:30:22.655308 [debug] [Thread-1 (]: Using snowflake connection "model.northwind4.my_second_dbt_model"
[0m08:30:22.656013 [debug] [Thread-1 (]: On model.northwind4.my_second_dbt_model: /* {"app": "dbt", "dbt_version": "1.8.7", "profile_name": "northwind4", "target_name": "dev", "node_id": "model.northwind4.my_second_dbt_model"} */
create or replace   view NORTHWIND_RAW.DBT.my_second_dbt_model
  
   as (
    -- Use the `ref` function to select from other models

select *
from NORTHWIND_RAW.DBT.my_first_dbt_model
where id = 1
  );
[0m08:30:22.656651 [debug] [Thread-1 (]: Opening a new connection, currently in state closed
[0m08:30:23.237697 [debug] [Thread-1 (]: SQL status: SUCCESS 1 in 0.581 seconds
[0m08:30:23.241730 [debug] [Thread-1 (]: On model.northwind4.my_second_dbt_model: Close
[0m08:30:23.303185 [debug] [Thread-1 (]: Sending event: {'category': 'dbt', 'action': 'run_model', 'label': 'e6f36e72-5a57-4841-990d-1321544bd31c', 'context': [<snowplow_tracker.self_describing_json.SelfDescribingJson object at 0x733cc0a3ecc0>]}
[0m08:30:23.304860 [info ] [Thread-1 (]: 2 of 2 OK created sql view model DBT.my_second_dbt_model ....................... [[32mSUCCESS 1[0m in 0.69s]
[0m08:30:23.306278 [debug] [Thread-1 (]: Finished running node model.northwind4.my_second_dbt_model
[0m08:30:23.308876 [debug] [MainThread]: Connection 'master' was properly closed.
[0m08:30:23.309489 [debug] [MainThread]: Connection 'model.northwind4.my_second_dbt_model' was properly closed.
[0m08:30:23.310219 [info ] [MainThread]: 
[0m08:30:23.311934 [info ] [MainThread]: Finished running 1 table model, 1 view model in 0 hours 0 minutes and 3.53 seconds (3.53s).
[0m08:30:23.314175 [debug] [MainThread]: Command end result
[0m08:30:23.363219 [info ] [MainThread]: 
[0m08:30:23.364623 [info ] [MainThread]: [32mCompleted successfully[0m
[0m08:30:23.365447 [info ] [MainThread]: 
[0m08:30:23.366139 [info ] [MainThread]: Done. PASS=2 WARN=0 ERROR=0 SKIP=0 TOTAL=2
[0m08:30:23.367753 [debug] [MainThread]: Resource report: {"command_name": "run", "command_success": true, "command_wall_clock_time": 5.928132, "process_user_time": 5.275948, "process_kernel_time": 0.489128, "process_mem_max_rss": "175064", "process_out_blocks": "2792", "process_in_blocks": "0"}
[0m08:30:23.368660 [debug] [MainThread]: Command `dbt run` succeeded at 08:30:23.368493 after 5.93 seconds
[0m08:30:23.369302 [debug] [MainThread]: Sending event: {'category': 'dbt', 'action': 'invocation', 'label': 'end', 'context': [<snowplow_tracker.self_describing_json.SelfDescribingJson object at 0x733ccb7d9e80>, <snowplow_tracker.self_describing_json.SelfDescribingJson object at 0x733cc1d55910>, <snowplow_tracker.self_describing_json.SelfDescribingJson object at 0x733cc1e06c60>]}
[0m08:30:23.369978 [debug] [MainThread]: Flushing usage events
[0m08:42:12.990706 [debug] [MainThread]: Sending event: {'category': 'dbt', 'action': 'invocation', 'label': 'start', 'context': [<snowplow_tracker.self_describing_json.SelfDescribingJson object at 0x75437da7dbb0>, <snowplow_tracker.self_describing_json.SelfDescribingJson object at 0x75437daf41d0>, <snowplow_tracker.self_describing_json.SelfDescribingJson object at 0x75437e233020>]}


============================== 08:42:12.996920 | 855a3fd8-5a27-40ce-b0ed-ad1bbb4398c3 ==============================
[0m08:42:12.996920 [info ] [MainThread]: Running with dbt=1.8.7
[0m08:42:12.998186 [debug] [MainThread]: running dbt with arguments {'printer_width': '80', 'indirect_selection': 'eager', 'log_cache_events': 'False', 'write_json': 'True', 'partial_parse': 'True', 'cache_selected_only': 'False', 'warn_error': 'None', 'debug': 'False', 'fail_fast': 'False', 'log_path': '/home/ubuntu/dbt_proj/northwind4/logs', 'version_check': 'True', 'profiles_dir': '/home/ubuntu/.dbt', 'use_colors': 'True', 'use_experimental_parser': 'False', 'no_print': 'None', 'quiet': 'False', 'empty': 'False', 'warn_error_options': 'WarnErrorOptions(include=[], exclude=[])', 'introspect': 'True', 'log_format': 'default', 'static_parser': 'True', 'target_path': 'None', 'invocation_command': 'dbt run', 'send_anonymous_usage_stats': 'True'}
[0m08:42:14.199853 [debug] [MainThread]: Sending event: {'category': 'dbt', 'action': 'project_id', 'label': '855a3fd8-5a27-40ce-b0ed-ad1bbb4398c3', 'context': [<snowplow_tracker.self_describing_json.SelfDescribingJson object at 0x75437504d700>]}
[0m08:42:14.297622 [debug] [MainThread]: Sending event: {'category': 'dbt', 'action': 'adapter_info', 'label': '855a3fd8-5a27-40ce-b0ed-ad1bbb4398c3', 'context': [<snowplow_tracker.self_describing_json.SelfDescribingJson object at 0x7543750ce930>]}
[0m08:42:14.299016 [info ] [MainThread]: Registered adapter: snowflake=1.8.3
[0m08:42:14.318232 [debug] [MainThread]: checksum: 4af21dafb485259c48497ac86b711ddb1982f3d0f1c0ca4e09356de488b753c0, vars: {}, profile: , target: , version: 1.8.7
[0m08:42:14.514796 [debug] [MainThread]: Partial parsing enabled: 0 files deleted, 0 files added, 1 files changed.
[0m08:42:14.515992 [debug] [MainThread]: Partial parsing: updated file: northwind4://models/example/my_first_dbt_model.sql
[0m08:42:15.201247 [debug] [MainThread]: Sending event: {'category': 'dbt', 'action': 'load_project', 'label': '855a3fd8-5a27-40ce-b0ed-ad1bbb4398c3', 'context': [<snowplow_tracker.self_describing_json.SelfDescribingJson object at 0x7543747e01d0>]}
[0m08:42:15.345088 [debug] [MainThread]: Sending event: {'category': 'dbt', 'action': 'resource_counts', 'label': '855a3fd8-5a27-40ce-b0ed-ad1bbb4398c3', 'context': [<snowplow_tracker.self_describing_json.SelfDescribingJson object at 0x754374314080>]}
[0m08:42:15.346091 [info ] [MainThread]: Found 2 models, 4 data tests, 454 macros
[0m08:42:15.346803 [debug] [MainThread]: Sending event: {'category': 'dbt', 'action': 'runnable_timing', 'label': '855a3fd8-5a27-40ce-b0ed-ad1bbb4398c3', 'context': [<snowplow_tracker.self_describing_json.SelfDescribingJson object at 0x75437433bfb0>]}
[0m08:42:15.349881 [info ] [MainThread]: 
[0m08:42:15.351076 [debug] [MainThread]: Acquiring new snowflake connection 'master'
[0m08:42:15.359505 [debug] [ThreadPool]: Acquiring new snowflake connection 'list_NORTHWIND_RAW'
[0m08:42:15.384089 [debug] [ThreadPool]: Using snowflake connection "list_NORTHWIND_RAW"
[0m08:42:15.384850 [debug] [ThreadPool]: On list_NORTHWIND_RAW: /* {"app": "dbt", "dbt_version": "1.8.7", "profile_name": "northwind4", "target_name": "dev", "connection_name": "list_NORTHWIND_RAW"} */
show terse schemas in database NORTHWIND_RAW
    limit 10000
[0m08:42:15.385488 [debug] [ThreadPool]: Opening a new connection, currently in state init
[0m08:42:15.881660 [debug] [ThreadPool]: SQL status: SUCCESS 8 in 0.496 seconds
[0m08:42:15.884468 [debug] [ThreadPool]: On list_NORTHWIND_RAW: Close
[0m08:42:15.930077 [debug] [ThreadPool]: Re-using an available connection from the pool (formerly list_NORTHWIND_RAW, now list_NORTHWIND_RAW_DBT)
[0m08:42:15.947491 [debug] [ThreadPool]: Using snowflake connection "list_NORTHWIND_RAW_DBT"
[0m08:42:15.948189 [debug] [ThreadPool]: On list_NORTHWIND_RAW_DBT: /* {"app": "dbt", "dbt_version": "1.8.7", "profile_name": "northwind4", "target_name": "dev", "connection_name": "list_NORTHWIND_RAW_DBT"} */
show objects in NORTHWIND_RAW.DBT limit 10000
[0m08:42:15.948867 [debug] [ThreadPool]: Opening a new connection, currently in state closed
[0m08:42:16.305289 [debug] [ThreadPool]: SQL status: SUCCESS 2 in 0.356 seconds
[0m08:42:16.308247 [debug] [ThreadPool]: On list_NORTHWIND_RAW_DBT: Close
[0m08:42:16.388212 [debug] [MainThread]: Sending event: {'category': 'dbt', 'action': 'runnable_timing', 'label': '855a3fd8-5a27-40ce-b0ed-ad1bbb4398c3', 'context': [<snowplow_tracker.self_describing_json.SelfDescribingJson object at 0x75437433bef0>]}
[0m08:42:16.389355 [info ] [MainThread]: Concurrency: 1 threads (target='dev')
[0m08:42:16.390068 [info ] [MainThread]: 
[0m08:42:16.395246 [debug] [Thread-1 (]: Began running node model.northwind4.my_first_dbt_model
[0m08:42:16.396519 [info ] [Thread-1 (]: 1 of 2 START sql view model DBT.my_first_dbt_model ............................. [RUN]
[0m08:42:16.397562 [debug] [Thread-1 (]: Re-using an available connection from the pool (formerly list_NORTHWIND_RAW_DBT, now model.northwind4.my_first_dbt_model)
[0m08:42:16.398219 [debug] [Thread-1 (]: Began compiling node model.northwind4.my_first_dbt_model
[0m08:42:16.410795 [debug] [Thread-1 (]: Writing injected SQL for node "model.northwind4.my_first_dbt_model"
[0m08:42:16.412085 [debug] [Thread-1 (]: Began executing node model.northwind4.my_first_dbt_model
[0m08:42:16.463219 [debug] [Thread-1 (]: Dropping relation "NORTHWIND_RAW"."DBT"."MY_FIRST_DBT_MODEL" because it is of type table
[0m08:42:16.476758 [debug] [Thread-1 (]: Applying DROP to: "NORTHWIND_RAW"."DBT"."MY_FIRST_DBT_MODEL"
[0m08:42:16.493917 [debug] [Thread-1 (]: Using snowflake connection "model.northwind4.my_first_dbt_model"
[0m08:42:16.494771 [debug] [Thread-1 (]: On model.northwind4.my_first_dbt_model: /* {"app": "dbt", "dbt_version": "1.8.7", "profile_name": "northwind4", "target_name": "dev", "node_id": "model.northwind4.my_first_dbt_model"} */
drop table if exists "NORTHWIND_RAW"."DBT"."MY_FIRST_DBT_MODEL" cascade
[0m08:42:16.497299 [debug] [Thread-1 (]: Opening a new connection, currently in state closed
[0m08:42:16.773759 [debug] [Thread-1 (]: SQL status: SUCCESS 1 in 0.278 seconds
[0m08:42:16.799155 [debug] [Thread-1 (]: Writing runtime sql for node "model.northwind4.my_first_dbt_model"
[0m08:42:16.800987 [debug] [Thread-1 (]: Using snowflake connection "model.northwind4.my_first_dbt_model"
[0m08:42:16.801810 [debug] [Thread-1 (]: On model.northwind4.my_first_dbt_model: /* {"app": "dbt", "dbt_version": "1.8.7", "profile_name": "northwind4", "target_name": "dev", "node_id": "model.northwind4.my_first_dbt_model"} */
create or replace   view NORTHWIND_RAW.DBT.my_first_dbt_model
  
   as (
    select
   CATEGORYID,CATEGORYNAME
from NORTHWIND_RAW.STAGING_FIVETRAN_DBO.CATEGORIES
  );
[0m08:42:17.118897 [debug] [Thread-1 (]: SQL status: SUCCESS 1 in 0.316 seconds
[0m08:42:17.183415 [debug] [Thread-1 (]: On model.northwind4.my_first_dbt_model: Close
[0m08:42:17.241905 [debug] [Thread-1 (]: Sending event: {'category': 'dbt', 'action': 'run_model', 'label': '855a3fd8-5a27-40ce-b0ed-ad1bbb4398c3', 'context': [<snowplow_tracker.self_describing_json.SelfDescribingJson object at 0x754374f3a2a0>]}
[0m08:42:17.243327 [info ] [Thread-1 (]: 1 of 2 OK created sql view model DBT.my_first_dbt_model ........................ [[32mSUCCESS 1[0m in 0.84s]
[0m08:42:17.244727 [debug] [Thread-1 (]: Finished running node model.northwind4.my_first_dbt_model
[0m08:42:17.247010 [debug] [Thread-1 (]: Began running node model.northwind4.my_second_dbt_model
[0m08:42:17.248589 [info ] [Thread-1 (]: 2 of 2 START sql view model DBT.my_second_dbt_model ............................ [RUN]
[0m08:42:17.249855 [debug] [Thread-1 (]: Re-using an available connection from the pool (formerly model.northwind4.my_first_dbt_model, now model.northwind4.my_second_dbt_model)
[0m08:42:17.250859 [debug] [Thread-1 (]: Began compiling node model.northwind4.my_second_dbt_model
[0m08:42:17.256839 [debug] [Thread-1 (]: Writing injected SQL for node "model.northwind4.my_second_dbt_model"
[0m08:42:17.258116 [debug] [Thread-1 (]: Began executing node model.northwind4.my_second_dbt_model
[0m08:42:17.265330 [debug] [Thread-1 (]: Writing runtime sql for node "model.northwind4.my_second_dbt_model"
[0m08:42:17.267971 [debug] [Thread-1 (]: Using snowflake connection "model.northwind4.my_second_dbt_model"
[0m08:42:17.269207 [debug] [Thread-1 (]: On model.northwind4.my_second_dbt_model: /* {"app": "dbt", "dbt_version": "1.8.7", "profile_name": "northwind4", "target_name": "dev", "node_id": "model.northwind4.my_second_dbt_model"} */
create or replace   view NORTHWIND_RAW.DBT.my_second_dbt_model
  
   as (
    -- Use the `ref` function to select from other models

select *
from NORTHWIND_RAW.DBT.my_first_dbt_model
where id = 1
  );
[0m08:42:17.270225 [debug] [Thread-1 (]: Opening a new connection, currently in state closed
[0m08:42:17.684792 [debug] [Thread-1 (]: Snowflake adapter: Snowflake query id: 01b7490a-0003-0cae-0053-828700199566
[0m08:42:17.685620 [debug] [Thread-1 (]: Snowflake adapter: Snowflake error: 000904 (42000): SQL compilation error: error line 8 at position 6
invalid identifier 'ID'
[0m08:42:17.686746 [debug] [Thread-1 (]: On model.northwind4.my_second_dbt_model: Close
[0m08:42:17.762587 [debug] [Thread-1 (]: Database Error in model my_second_dbt_model (models/example/my_second_dbt_model.sql)
  000904 (42000): SQL compilation error: error line 8 at position 6
  invalid identifier 'ID'
  compiled code at target/run/northwind4/models/example/my_second_dbt_model.sql
[0m08:42:17.763505 [debug] [Thread-1 (]: Sending event: {'category': 'dbt', 'action': 'run_model', 'label': '855a3fd8-5a27-40ce-b0ed-ad1bbb4398c3', 'context': [<snowplow_tracker.self_describing_json.SelfDescribingJson object at 0x754374070b00>]}
[0m08:42:17.764546 [error] [Thread-1 (]: 2 of 2 ERROR creating sql view model DBT.my_second_dbt_model ................... [[31mERROR[0m in 0.51s]
[0m08:42:17.765707 [debug] [Thread-1 (]: Finished running node model.northwind4.my_second_dbt_model
[0m08:42:17.770719 [debug] [MainThread]: Connection 'master' was properly closed.
[0m08:42:17.771356 [debug] [MainThread]: Connection 'model.northwind4.my_second_dbt_model' was properly closed.
[0m08:42:17.772037 [info ] [MainThread]: 
[0m08:42:17.772798 [info ] [MainThread]: Finished running 2 view models in 0 hours 0 minutes and 2.42 seconds (2.42s).
[0m08:42:17.774239 [debug] [MainThread]: Command end result
[0m08:42:17.825638 [info ] [MainThread]: 
[0m08:42:17.826596 [info ] [MainThread]: [31mCompleted with 1 error and 0 warnings:[0m
[0m08:42:17.827234 [info ] [MainThread]: 
[0m08:42:17.828040 [error] [MainThread]:   Database Error in model my_second_dbt_model (models/example/my_second_dbt_model.sql)
  000904 (42000): SQL compilation error: error line 8 at position 6
  invalid identifier 'ID'
  compiled code at target/run/northwind4/models/example/my_second_dbt_model.sql
[0m08:42:17.828677 [info ] [MainThread]: 
[0m08:42:17.829328 [info ] [MainThread]: Done. PASS=1 WARN=0 ERROR=1 SKIP=0 TOTAL=2
[0m08:42:17.830769 [debug] [MainThread]: Resource report: {"command_name": "run", "command_wall_clock_time": 4.9313307, "process_user_time": 5.445038, "process_kernel_time": 0.497712, "process_mem_max_rss": "176560", "process_out_blocks": "2800", "command_success": false, "process_in_blocks": "0"}
[0m08:42:17.831739 [debug] [MainThread]: Command `dbt run` failed at 08:42:17.831575 after 4.93 seconds
[0m08:42:17.832384 [debug] [MainThread]: Sending event: {'category': 'dbt', 'action': 'invocation', 'label': 'end', 'context': [<snowplow_tracker.self_describing_json.SelfDescribingJson object at 0x754374cd5430>, <snowplow_tracker.self_describing_json.SelfDescribingJson object at 0x75437d7f16a0>, <snowplow_tracker.self_describing_json.SelfDescribingJson object at 0x75437d7f2480>]}
[0m08:42:17.833214 [debug] [MainThread]: Flushing usage events
[0m08:42:50.368490 [debug] [MainThread]: Sending event: {'category': 'dbt', 'action': 'invocation', 'label': 'start', 'context': [<snowplow_tracker.self_describing_json.SelfDescribingJson object at 0x76d4c728f530>, <snowplow_tracker.self_describing_json.SelfDescribingJson object at 0x76d4c66c1f10>, <snowplow_tracker.self_describing_json.SelfDescribingJson object at 0x76d4c66c1dc0>]}


============================== 08:42:50.374147 | e704543f-a285-48bf-b6aa-dc2573a65e01 ==============================
[0m08:42:50.374147 [info ] [MainThread]: Running with dbt=1.8.7
[0m08:42:50.375432 [debug] [MainThread]: running dbt with arguments {'printer_width': '80', 'indirect_selection': 'eager', 'log_cache_events': 'False', 'write_json': 'True', 'partial_parse': 'True', 'cache_selected_only': 'False', 'warn_error': 'None', 'version_check': 'True', 'debug': 'False', 'log_path': '/home/ubuntu/dbt_proj/northwind4/logs', 'fail_fast': 'False', 'profiles_dir': '/home/ubuntu/.dbt', 'use_colors': 'True', 'use_experimental_parser': 'False', 'no_print': 'None', 'quiet': 'False', 'empty': 'False', 'warn_error_options': 'WarnErrorOptions(include=[], exclude=[])', 'invocation_command': 'dbt run', 'introspect': 'True', 'static_parser': 'True', 'target_path': 'None', 'log_format': 'default', 'send_anonymous_usage_stats': 'True'}
[0m08:42:51.471384 [debug] [MainThread]: Sending event: {'category': 'dbt', 'action': 'project_id', 'label': 'e704543f-a285-48bf-b6aa-dc2573a65e01', 'context': [<snowplow_tracker.self_describing_json.SelfDescribingJson object at 0x76d4c7c50ce0>]}
[0m08:42:51.570421 [debug] [MainThread]: Sending event: {'category': 'dbt', 'action': 'adapter_info', 'label': 'e704543f-a285-48bf-b6aa-dc2573a65e01', 'context': [<snowplow_tracker.self_describing_json.SelfDescribingJson object at 0x76d4befe5490>]}
[0m08:42:51.571728 [info ] [MainThread]: Registered adapter: snowflake=1.8.3
[0m08:42:51.590892 [debug] [MainThread]: checksum: 4af21dafb485259c48497ac86b711ddb1982f3d0f1c0ca4e09356de488b753c0, vars: {}, profile: , target: , version: 1.8.7
[0m08:42:51.792605 [debug] [MainThread]: Partial parsing enabled: 1 files deleted, 0 files added, 0 files changed.
[0m08:42:51.793572 [debug] [MainThread]: Partial parsing: deleted file: northwind4://models/example/my_second_dbt_model.sql
[0m08:42:51.910526 [warn ] [MainThread]: [[33mWARNING[0m]: Did not find matching node for patch with name 'my_second_dbt_model' in the 'models' section of file 'models/example/schema.yml'
[0m08:42:52.099818 [warn ] [MainThread]: [[33mWARNING[0m]: Test 'test.northwind4.unique_my_second_dbt_model_id.57a0f8c493' (models/example/schema.yml) depends on a node named 'my_second_dbt_model' in package '' which was not found
[0m08:42:52.100732 [warn ] [MainThread]: [[33mWARNING[0m]: Test 'test.northwind4.not_null_my_second_dbt_model_id.151b76d778' (models/example/schema.yml) depends on a node named 'my_second_dbt_model' in package '' which was not found
[0m08:42:52.222138 [debug] [MainThread]: Sending event: {'category': 'dbt', 'action': 'load_project', 'label': 'e704543f-a285-48bf-b6aa-dc2573a65e01', 'context': [<snowplow_tracker.self_describing_json.SelfDescribingJson object at 0x76d4bd7fea20>]}
[0m08:42:52.362040 [debug] [MainThread]: Sending event: {'category': 'dbt', 'action': 'resource_counts', 'label': 'e704543f-a285-48bf-b6aa-dc2573a65e01', 'context': [<snowplow_tracker.self_describing_json.SelfDescribingJson object at 0x76d4bda2dfd0>]}
[0m08:42:52.362975 [info ] [MainThread]: Found 1 model, 2 data tests, 454 macros
[0m08:42:52.363654 [debug] [MainThread]: Sending event: {'category': 'dbt', 'action': 'runnable_timing', 'label': 'e704543f-a285-48bf-b6aa-dc2573a65e01', 'context': [<snowplow_tracker.self_describing_json.SelfDescribingJson object at 0x76d4bd69c410>]}
[0m08:42:52.366633 [info ] [MainThread]: 
[0m08:42:52.367717 [debug] [MainThread]: Acquiring new snowflake connection 'master'
[0m08:42:52.369612 [debug] [ThreadPool]: Acquiring new snowflake connection 'list_NORTHWIND_RAW'
[0m08:42:52.393661 [debug] [ThreadPool]: Using snowflake connection "list_NORTHWIND_RAW"
[0m08:42:52.394359 [debug] [ThreadPool]: On list_NORTHWIND_RAW: /* {"app": "dbt", "dbt_version": "1.8.7", "profile_name": "northwind4", "target_name": "dev", "connection_name": "list_NORTHWIND_RAW"} */
show terse schemas in database NORTHWIND_RAW
    limit 10000
[0m08:42:52.394948 [debug] [ThreadPool]: Opening a new connection, currently in state init
[0m08:42:52.940114 [debug] [ThreadPool]: SQL status: SUCCESS 8 in 0.545 seconds
[0m08:42:52.945386 [debug] [ThreadPool]: On list_NORTHWIND_RAW: Close
[0m08:42:53.008441 [debug] [ThreadPool]: Acquiring new snowflake connection 'list_NORTHWIND_RAW_DBT'
[0m08:42:53.026779 [debug] [ThreadPool]: Using snowflake connection "list_NORTHWIND_RAW_DBT"
[0m08:42:53.027489 [debug] [ThreadPool]: On list_NORTHWIND_RAW_DBT: /* {"app": "dbt", "dbt_version": "1.8.7", "profile_name": "northwind4", "target_name": "dev", "connection_name": "list_NORTHWIND_RAW_DBT"} */
show objects in NORTHWIND_RAW.DBT limit 10000
[0m08:42:53.028060 [debug] [ThreadPool]: Opening a new connection, currently in state init
[0m08:42:53.332785 [debug] [ThreadPool]: SQL status: SUCCESS 2 in 0.305 seconds
[0m08:42:53.335869 [debug] [ThreadPool]: On list_NORTHWIND_RAW_DBT: Close
[0m08:42:53.423223 [debug] [MainThread]: Sending event: {'category': 'dbt', 'action': 'runnable_timing', 'label': 'e704543f-a285-48bf-b6aa-dc2573a65e01', 'context': [<snowplow_tracker.self_describing_json.SelfDescribingJson object at 0x76d4bd73cc50>]}
[0m08:42:53.424388 [info ] [MainThread]: Concurrency: 1 threads (target='dev')
[0m08:42:53.425340 [info ] [MainThread]: 
[0m08:42:53.430527 [debug] [Thread-1 (]: Began running node model.northwind4.my_first_dbt_model
[0m08:42:53.431628 [info ] [Thread-1 (]: 1 of 1 START sql view model DBT.my_first_dbt_model ............................. [RUN]
[0m08:42:53.432643 [debug] [Thread-1 (]: Re-using an available connection from the pool (formerly list_NORTHWIND_RAW_DBT, now model.northwind4.my_first_dbt_model)
[0m08:42:53.433314 [debug] [Thread-1 (]: Began compiling node model.northwind4.my_first_dbt_model
[0m08:42:53.446602 [debug] [Thread-1 (]: Writing injected SQL for node "model.northwind4.my_first_dbt_model"
[0m08:42:53.448186 [debug] [Thread-1 (]: Began executing node model.northwind4.my_first_dbt_model
[0m08:42:53.513668 [debug] [Thread-1 (]: Writing runtime sql for node "model.northwind4.my_first_dbt_model"
[0m08:42:53.516198 [debug] [Thread-1 (]: Using snowflake connection "model.northwind4.my_first_dbt_model"
[0m08:42:53.517240 [debug] [Thread-1 (]: On model.northwind4.my_first_dbt_model: /* {"app": "dbt", "dbt_version": "1.8.7", "profile_name": "northwind4", "target_name": "dev", "node_id": "model.northwind4.my_first_dbt_model"} */
create or replace   view NORTHWIND_RAW.DBT.my_first_dbt_model
  
   as (
    select
   CATEGORYID,CATEGORYNAME
from NORTHWIND_RAW.STAGING_FIVETRAN_DBO.CATEGORIES
  );
[0m08:42:53.518308 [debug] [Thread-1 (]: Opening a new connection, currently in state closed
[0m08:42:53.977019 [debug] [Thread-1 (]: SQL status: SUCCESS 1 in 0.459 seconds
[0m08:42:54.026834 [debug] [Thread-1 (]: On model.northwind4.my_first_dbt_model: Close
[0m08:42:54.106006 [debug] [Thread-1 (]: Sending event: {'category': 'dbt', 'action': 'run_model', 'label': 'e704543f-a285-48bf-b6aa-dc2573a65e01', 'context': [<snowplow_tracker.self_describing_json.SelfDescribingJson object at 0x76d4bdc32690>]}
[0m08:42:54.108295 [info ] [Thread-1 (]: 1 of 1 OK created sql view model DBT.my_first_dbt_model ........................ [[32mSUCCESS 1[0m in 0.67s]
[0m08:42:54.109520 [debug] [Thread-1 (]: Finished running node model.northwind4.my_first_dbt_model
[0m08:42:54.111855 [debug] [MainThread]: Connection 'master' was properly closed.
[0m08:42:54.112543 [debug] [MainThread]: Connection 'list_NORTHWIND_RAW' was properly closed.
[0m08:42:54.113024 [debug] [MainThread]: Connection 'model.northwind4.my_first_dbt_model' was properly closed.
[0m08:42:54.113965 [info ] [MainThread]: 
[0m08:42:54.114878 [info ] [MainThread]: Finished running 1 view model in 0 hours 0 minutes and 1.75 seconds (1.75s).
[0m08:42:54.116962 [debug] [MainThread]: Command end result
[0m08:42:54.180995 [info ] [MainThread]: 
[0m08:42:54.182573 [info ] [MainThread]: [32mCompleted successfully[0m
[0m08:42:54.183816 [info ] [MainThread]: 
[0m08:42:54.184965 [info ] [MainThread]: Done. PASS=1 WARN=0 ERROR=0 SKIP=0 TOTAL=1
[0m08:42:54.186749 [debug] [MainThread]: Resource report: {"command_name": "run", "command_success": true, "command_wall_clock_time": 3.9060202, "process_user_time": 4.697795, "process_kernel_time": 0.484896, "process_mem_max_rss": "172536", "process_out_blocks": "2752", "process_in_blocks": "0"}
[0m08:42:54.187840 [debug] [MainThread]: Command `dbt run` succeeded at 08:42:54.187672 after 3.91 seconds
[0m08:42:54.188534 [debug] [MainThread]: Sending event: {'category': 'dbt', 'action': 'invocation', 'label': 'end', 'context': [<snowplow_tracker.self_describing_json.SelfDescribingJson object at 0x76d4c6b6ae70>, <snowplow_tracker.self_describing_json.SelfDescribingJson object at 0x76d4bd8e8170>, <snowplow_tracker.self_describing_json.SelfDescribingJson object at 0x76d4bcb6f380>]}
[0m08:42:54.189260 [debug] [MainThread]: Flushing usage events
[0m11:53:27.630265 [debug] [MainThread]: Sending event: {'category': 'dbt', 'action': 'invocation', 'label': 'start', 'context': [<snowplow_tracker.self_describing_json.SelfDescribingJson object at 0x73a80d89d6a0>, <snowplow_tracker.self_describing_json.SelfDescribingJson object at 0x73a80d84f350>, <snowplow_tracker.self_describing_json.SelfDescribingJson object at 0x73a80d977950>]}


============================== 11:53:27.635555 | 8a849de1-1f67-432a-a70b-f89985f27edd ==============================
[0m11:53:27.635555 [info ] [MainThread]: Running with dbt=1.8.7
[0m11:53:27.636654 [debug] [MainThread]: running dbt with arguments {'printer_width': '80', 'indirect_selection': 'eager', 'log_cache_events': 'False', 'write_json': 'True', 'partial_parse': 'True', 'cache_selected_only': 'False', 'warn_error': 'None', 'version_check': 'True', 'profiles_dir': '/home/ubuntu/.dbt', 'log_path': '/home/ubuntu/dbt_proj/northwind4/logs', 'debug': 'False', 'fail_fast': 'False', 'use_colors': 'True', 'use_experimental_parser': 'False', 'empty': 'False', 'quiet': 'False', 'no_print': 'None', 'log_format': 'default', 'invocation_command': 'dbt run', 'warn_error_options': 'WarnErrorOptions(include=[], exclude=[])', 'static_parser': 'True', 'target_path': 'None', 'introspect': 'True', 'send_anonymous_usage_stats': 'True'}
[0m11:53:28.806606 [debug] [MainThread]: Sending event: {'category': 'dbt', 'action': 'project_id', 'label': '8a849de1-1f67-432a-a70b-f89985f27edd', 'context': [<snowplow_tracker.self_describing_json.SelfDescribingJson object at 0x73a804903650>]}
[0m11:53:28.917013 [debug] [MainThread]: Sending event: {'category': 'dbt', 'action': 'adapter_info', 'label': '8a849de1-1f67-432a-a70b-f89985f27edd', 'context': [<snowplow_tracker.self_describing_json.SelfDescribingJson object at 0x73a8097c8b90>]}
[0m11:53:28.918385 [info ] [MainThread]: Registered adapter: snowflake=1.8.3
[0m11:53:28.935656 [debug] [MainThread]: checksum: 4af21dafb485259c48497ac86b711ddb1982f3d0f1c0ca4e09356de488b753c0, vars: {}, profile: , target: , version: 1.8.7
[0m11:53:29.153953 [debug] [MainThread]: Partial parsing enabled: 0 files deleted, 0 files added, 0 files changed.
[0m11:53:29.154629 [debug] [MainThread]: Partial parsing enabled, no changes found, skipping parsing
[0m11:53:29.216993 [debug] [MainThread]: Sending event: {'category': 'dbt', 'action': 'load_project', 'label': '8a849de1-1f67-432a-a70b-f89985f27edd', 'context': [<snowplow_tracker.self_describing_json.SelfDescribingJson object at 0x73a8049ce1b0>]}
[0m11:53:29.359611 [debug] [MainThread]: Sending event: {'category': 'dbt', 'action': 'resource_counts', 'label': '8a849de1-1f67-432a-a70b-f89985f27edd', 'context': [<snowplow_tracker.self_describing_json.SelfDescribingJson object at 0x73a80485c6b0>]}
[0m11:53:29.360509 [info ] [MainThread]: Found 1 model, 2 data tests, 454 macros
[0m11:53:29.361173 [debug] [MainThread]: Sending event: {'category': 'dbt', 'action': 'runnable_timing', 'label': '8a849de1-1f67-432a-a70b-f89985f27edd', 'context': [<snowplow_tracker.self_describing_json.SelfDescribingJson object at 0x73a80479dd30>]}
[0m11:53:29.363946 [info ] [MainThread]: 
[0m11:53:29.365003 [debug] [MainThread]: Acquiring new snowflake connection 'master'
[0m11:53:29.366691 [debug] [ThreadPool]: Acquiring new snowflake connection 'list_NORTHWIND_RAW'
[0m11:53:29.396779 [debug] [ThreadPool]: Using snowflake connection "list_NORTHWIND_RAW"
[0m11:53:29.397668 [debug] [ThreadPool]: On list_NORTHWIND_RAW: /* {"app": "dbt", "dbt_version": "1.8.7", "profile_name": "northwind4", "target_name": "dev", "connection_name": "list_NORTHWIND_RAW"} */
show terse schemas in database NORTHWIND_RAW
    limit 10000
[0m11:53:29.398420 [debug] [ThreadPool]: Opening a new connection, currently in state init
[0m11:53:30.423336 [debug] [ThreadPool]: SQL status: SUCCESS 8 in 1.025 seconds
[0m11:53:30.426295 [debug] [ThreadPool]: On list_NORTHWIND_RAW: Close
[0m11:53:30.530817 [debug] [ThreadPool]: Re-using an available connection from the pool (formerly list_NORTHWIND_RAW, now list_NORTHWIND_RAW_DBT)
[0m11:53:30.547105 [debug] [ThreadPool]: Using snowflake connection "list_NORTHWIND_RAW_DBT"
[0m11:53:30.547805 [debug] [ThreadPool]: On list_NORTHWIND_RAW_DBT: /* {"app": "dbt", "dbt_version": "1.8.7", "profile_name": "northwind4", "target_name": "dev", "connection_name": "list_NORTHWIND_RAW_DBT"} */
show objects in NORTHWIND_RAW.DBT limit 10000
[0m11:53:30.548298 [debug] [ThreadPool]: Opening a new connection, currently in state closed
[0m11:53:31.157672 [debug] [ThreadPool]: SQL status: SUCCESS 2 in 0.609 seconds
[0m11:53:31.160933 [debug] [ThreadPool]: On list_NORTHWIND_RAW_DBT: Close
[0m11:53:31.291807 [debug] [MainThread]: Sending event: {'category': 'dbt', 'action': 'runnable_timing', 'label': '8a849de1-1f67-432a-a70b-f89985f27edd', 'context': [<snowplow_tracker.self_describing_json.SelfDescribingJson object at 0x73a804b63e30>]}
[0m11:53:31.292790 [info ] [MainThread]: Concurrency: 1 threads (target='dev')
[0m11:53:31.293671 [info ] [MainThread]: 
[0m11:53:31.298673 [debug] [Thread-1 (]: Began running node model.northwind4.my_first_dbt_model
[0m11:53:31.299871 [info ] [Thread-1 (]: 1 of 1 START sql view model DBT.my_first_dbt_model ............................. [RUN]
[0m11:53:31.301229 [debug] [Thread-1 (]: Re-using an available connection from the pool (formerly list_NORTHWIND_RAW_DBT, now model.northwind4.my_first_dbt_model)
[0m11:53:31.302027 [debug] [Thread-1 (]: Began compiling node model.northwind4.my_first_dbt_model
[0m11:53:31.313373 [debug] [Thread-1 (]: Writing injected SQL for node "model.northwind4.my_first_dbt_model"
[0m11:53:31.314511 [debug] [Thread-1 (]: Began executing node model.northwind4.my_first_dbt_model
[0m11:53:31.373695 [debug] [Thread-1 (]: Writing runtime sql for node "model.northwind4.my_first_dbt_model"
[0m11:53:31.375448 [debug] [Thread-1 (]: Using snowflake connection "model.northwind4.my_first_dbt_model"
[0m11:53:31.376738 [debug] [Thread-1 (]: On model.northwind4.my_first_dbt_model: /* {"app": "dbt", "dbt_version": "1.8.7", "profile_name": "northwind4", "target_name": "dev", "node_id": "model.northwind4.my_first_dbt_model"} */
create or replace   view NORTHWIND_RAW.DBT.my_first_dbt_model
  
   as (
    select
   CATEGORYID,CATEGORYNAME
from NORTHWIND_RAW.STAGING_FIVETRAN_DBO.CATEGORIES
  );
[0m11:53:31.377360 [debug] [Thread-1 (]: Opening a new connection, currently in state closed
[0m11:53:31.904338 [debug] [Thread-1 (]: SQL status: SUCCESS 1 in 0.527 seconds
[0m11:53:31.960222 [debug] [Thread-1 (]: On model.northwind4.my_first_dbt_model: Close
[0m11:53:32.019034 [debug] [Thread-1 (]: Sending event: {'category': 'dbt', 'action': 'run_model', 'label': '8a849de1-1f67-432a-a70b-f89985f27edd', 'context': [<snowplow_tracker.self_describing_json.SelfDescribingJson object at 0x73a80dd69f40>]}
[0m11:53:32.020203 [info ] [Thread-1 (]: 1 of 1 OK created sql view model DBT.my_first_dbt_model ........................ [[32mSUCCESS 1[0m in 0.72s]
[0m11:53:32.021266 [debug] [Thread-1 (]: Finished running node model.northwind4.my_first_dbt_model
[0m11:53:32.024257 [debug] [MainThread]: Connection 'master' was properly closed.
[0m11:53:32.024906 [debug] [MainThread]: Connection 'model.northwind4.my_first_dbt_model' was properly closed.
[0m11:53:32.025495 [info ] [MainThread]: 
[0m11:53:32.026083 [info ] [MainThread]: Finished running 1 view model in 0 hours 0 minutes and 2.66 seconds (2.66s).
[0m11:53:32.027244 [debug] [MainThread]: Command end result
[0m11:53:32.072679 [info ] [MainThread]: 
[0m11:53:32.074244 [info ] [MainThread]: [32mCompleted successfully[0m
[0m11:53:32.074855 [info ] [MainThread]: 
[0m11:53:32.075468 [info ] [MainThread]: Done. PASS=1 WARN=0 ERROR=0 SKIP=0 TOTAL=1
[0m11:53:32.076838 [debug] [MainThread]: Resource report: {"command_name": "run", "command_success": true, "command_wall_clock_time": 4.5322065, "process_user_time": 4.931784, "process_kernel_time": 0.690643, "process_mem_max_rss": "171332", "process_in_blocks": "1024", "process_out_blocks": "2928"}
[0m11:53:32.077720 [debug] [MainThread]: Command `dbt run` succeeded at 11:53:32.077555 after 4.53 seconds
[0m11:53:32.078295 [debug] [MainThread]: Sending event: {'category': 'dbt', 'action': 'invocation', 'label': 'end', 'context': [<snowplow_tracker.self_describing_json.SelfDescribingJson object at 0x73a80e2efe90>, <snowplow_tracker.self_describing_json.SelfDescribingJson object at 0x73a8048bcbf0>, <snowplow_tracker.self_describing_json.SelfDescribingJson object at 0x73a80d94ffb0>]}
[0m11:53:32.078914 [debug] [MainThread]: Flushing usage events
[0m11:54:48.886045 [debug] [MainThread]: Sending event: {'category': 'dbt', 'action': 'invocation', 'label': 'start', 'context': [<snowplow_tracker.self_describing_json.SelfDescribingJson object at 0x70f56e01c740>, <snowplow_tracker.self_describing_json.SelfDescribingJson object at 0x70f56d50e000>, <snowplow_tracker.self_describing_json.SelfDescribingJson object at 0x70f56e01f830>]}


============================== 11:54:48.891071 | b82e3ad1-18c9-4842-8003-b9f8751f03d6 ==============================
[0m11:54:48.891071 [info ] [MainThread]: Running with dbt=1.8.7
[0m11:54:48.892207 [debug] [MainThread]: running dbt with arguments {'printer_width': '80', 'indirect_selection': 'eager', 'write_json': 'True', 'log_cache_events': 'False', 'partial_parse': 'True', 'cache_selected_only': 'False', 'warn_error': 'None', 'debug': 'False', 'fail_fast': 'False', 'log_path': '/home/ubuntu/dbt_proj/northwind4/logs', 'version_check': 'True', 'profiles_dir': '/home/ubuntu/.dbt', 'use_colors': 'True', 'use_experimental_parser': 'False', 'no_print': 'None', 'quiet': 'False', 'empty': 'False', 'log_format': 'default', 'introspect': 'True', 'warn_error_options': 'WarnErrorOptions(include=[], exclude=[])', 'invocation_command': 'dbt run', 'target_path': 'None', 'static_parser': 'True', 'send_anonymous_usage_stats': 'True'}
[0m11:54:49.911900 [debug] [MainThread]: Sending event: {'category': 'dbt', 'action': 'project_id', 'label': 'b82e3ad1-18c9-4842-8003-b9f8751f03d6', 'context': [<snowplow_tracker.self_describing_json.SelfDescribingJson object at 0x70f564931e50>]}
[0m11:54:50.003929 [debug] [MainThread]: Sending event: {'category': 'dbt', 'action': 'adapter_info', 'label': 'b82e3ad1-18c9-4842-8003-b9f8751f03d6', 'context': [<snowplow_tracker.self_describing_json.SelfDescribingJson object at 0x70f564c139b0>]}
[0m11:54:50.005222 [info ] [MainThread]: Registered adapter: snowflake=1.8.3
[0m11:54:50.024285 [debug] [MainThread]: checksum: 4af21dafb485259c48497ac86b711ddb1982f3d0f1c0ca4e09356de488b753c0, vars: {}, profile: , target: , version: 1.8.7
[0m11:54:50.205578 [debug] [MainThread]: Partial parsing enabled: 0 files deleted, 0 files added, 1 files changed.
[0m11:54:50.206694 [debug] [MainThread]: Partial parsing: updated file: northwind4://models/example/my_first_dbt_model.sql
[0m11:54:50.859786 [debug] [MainThread]: Sending event: {'category': 'dbt', 'action': 'load_project', 'label': 'b82e3ad1-18c9-4842-8003-b9f8751f03d6', 'context': [<snowplow_tracker.self_describing_json.SelfDescribingJson object at 0x70f564430110>]}
[0m11:54:51.026759 [debug] [MainThread]: Sending event: {'category': 'dbt', 'action': 'resource_counts', 'label': 'b82e3ad1-18c9-4842-8003-b9f8751f03d6', 'context': [<snowplow_tracker.self_describing_json.SelfDescribingJson object at 0x70f564657140>]}
[0m11:54:51.027691 [info ] [MainThread]: Found 1 model, 2 data tests, 454 macros
[0m11:54:51.028383 [debug] [MainThread]: Sending event: {'category': 'dbt', 'action': 'runnable_timing', 'label': 'b82e3ad1-18c9-4842-8003-b9f8751f03d6', 'context': [<snowplow_tracker.self_describing_json.SelfDescribingJson object at 0x70f5646bb080>]}
[0m11:54:51.031253 [info ] [MainThread]: 
[0m11:54:51.032344 [debug] [MainThread]: Acquiring new snowflake connection 'master'
[0m11:54:51.034293 [debug] [ThreadPool]: Acquiring new snowflake connection 'list_NORTHWIND_RAW'
[0m11:54:51.068298 [debug] [ThreadPool]: Using snowflake connection "list_NORTHWIND_RAW"
[0m11:54:51.069170 [debug] [ThreadPool]: On list_NORTHWIND_RAW: /* {"app": "dbt", "dbt_version": "1.8.7", "profile_name": "northwind4", "target_name": "dev", "connection_name": "list_NORTHWIND_RAW"} */
show terse schemas in database NORTHWIND_RAW
    limit 10000
[0m11:54:51.069762 [debug] [ThreadPool]: Opening a new connection, currently in state init
[0m11:54:51.556978 [debug] [ThreadPool]: SQL status: SUCCESS 8 in 0.487 seconds
[0m11:54:51.559740 [debug] [ThreadPool]: On list_NORTHWIND_RAW: Close
[0m11:54:51.646122 [debug] [ThreadPool]: Re-using an available connection from the pool (formerly list_NORTHWIND_RAW, now list_NORTHWIND_RAW_DBT)
[0m11:54:51.663480 [debug] [ThreadPool]: Using snowflake connection "list_NORTHWIND_RAW_DBT"
[0m11:54:51.664204 [debug] [ThreadPool]: On list_NORTHWIND_RAW_DBT: /* {"app": "dbt", "dbt_version": "1.8.7", "profile_name": "northwind4", "target_name": "dev", "connection_name": "list_NORTHWIND_RAW_DBT"} */
show objects in NORTHWIND_RAW.DBT limit 10000
[0m11:54:51.664857 [debug] [ThreadPool]: Opening a new connection, currently in state closed
[0m11:54:52.015123 [debug] [ThreadPool]: SQL status: SUCCESS 2 in 0.350 seconds
[0m11:54:52.018565 [debug] [ThreadPool]: On list_NORTHWIND_RAW_DBT: Close
[0m11:54:52.081713 [debug] [MainThread]: Sending event: {'category': 'dbt', 'action': 'runnable_timing', 'label': 'b82e3ad1-18c9-4842-8003-b9f8751f03d6', 'context': [<snowplow_tracker.self_describing_json.SelfDescribingJson object at 0x70f5644c57f0>]}
[0m11:54:52.082709 [info ] [MainThread]: Concurrency: 1 threads (target='dev')
[0m11:54:52.083452 [info ] [MainThread]: 
[0m11:54:52.089709 [debug] [Thread-1 (]: Began running node model.northwind4.my_first_dbt_model
[0m11:54:52.090697 [info ] [Thread-1 (]: 1 of 1 START sql view model DBT.my_first_dbt_model ............................. [RUN]
[0m11:54:52.091950 [debug] [Thread-1 (]: Re-using an available connection from the pool (formerly list_NORTHWIND_RAW_DBT, now model.northwind4.my_first_dbt_model)
[0m11:54:52.092746 [debug] [Thread-1 (]: Began compiling node model.northwind4.my_first_dbt_model
[0m11:54:52.109740 [debug] [Thread-1 (]: Writing injected SQL for node "model.northwind4.my_first_dbt_model"
[0m11:54:52.110927 [debug] [Thread-1 (]: Began executing node model.northwind4.my_first_dbt_model
[0m11:54:52.170568 [debug] [Thread-1 (]: Writing runtime sql for node "model.northwind4.my_first_dbt_model"
[0m11:54:52.172021 [debug] [Thread-1 (]: Using snowflake connection "model.northwind4.my_first_dbt_model"
[0m11:54:52.172799 [debug] [Thread-1 (]: On model.northwind4.my_first_dbt_model: /* {"app": "dbt", "dbt_version": "1.8.7", "profile_name": "northwind4", "target_name": "dev", "node_id": "model.northwind4.my_first_dbt_model"} */
create or replace   view NORTHWIND_RAW.DBT.my_first_dbt_model
  
   as (
    select
   CATEGORYID
from NORTHWIND_RAW.STAGING_FIVETRAN_DBO.CATEGORIES
  );
[0m11:54:52.173368 [debug] [Thread-1 (]: Opening a new connection, currently in state closed
[0m11:54:52.664575 [debug] [Thread-1 (]: SQL status: SUCCESS 1 in 0.491 seconds
[0m11:54:52.714065 [debug] [Thread-1 (]: On model.northwind4.my_first_dbt_model: Close
[0m11:54:52.771550 [debug] [Thread-1 (]: Sending event: {'category': 'dbt', 'action': 'run_model', 'label': 'b82e3ad1-18c9-4842-8003-b9f8751f03d6', 'context': [<snowplow_tracker.self_describing_json.SelfDescribingJson object at 0x70f56dbf5d90>]}
[0m11:54:52.772757 [info ] [Thread-1 (]: 1 of 1 OK created sql view model DBT.my_first_dbt_model ........................ [[32mSUCCESS 1[0m in 0.68s]
[0m11:54:52.773893 [debug] [Thread-1 (]: Finished running node model.northwind4.my_first_dbt_model
[0m11:54:52.776183 [debug] [MainThread]: Connection 'master' was properly closed.
[0m11:54:52.776958 [debug] [MainThread]: Connection 'model.northwind4.my_first_dbt_model' was properly closed.
[0m11:54:52.777493 [info ] [MainThread]: 
[0m11:54:52.778075 [info ] [MainThread]: Finished running 1 view model in 0 hours 0 minutes and 1.75 seconds (1.75s).
[0m11:54:52.779612 [debug] [MainThread]: Command end result
[0m11:54:52.823856 [info ] [MainThread]: 
[0m11:54:52.824674 [info ] [MainThread]: [32mCompleted successfully[0m
[0m11:54:52.825212 [info ] [MainThread]: 
[0m11:54:52.825795 [info ] [MainThread]: Done. PASS=1 WARN=0 ERROR=0 SKIP=0 TOTAL=1
[0m11:54:52.827041 [debug] [MainThread]: Resource report: {"command_name": "run", "command_success": true, "command_wall_clock_time": 4.020585, "process_user_time": 4.866675, "process_kernel_time": 0.449089, "process_mem_max_rss": "175052", "process_out_blocks": "2744", "process_in_blocks": "0"}
[0m11:54:52.827861 [debug] [MainThread]: Command `dbt run` succeeded at 11:54:52.827705 after 4.02 seconds
[0m11:54:52.828428 [debug] [MainThread]: Sending event: {'category': 'dbt', 'action': 'invocation', 'label': 'end', 'context': [<snowplow_tracker.self_describing_json.SelfDescribingJson object at 0x70f56d725520>, <snowplow_tracker.self_describing_json.SelfDescribingJson object at 0x70f564776cf0>, <snowplow_tracker.self_describing_json.SelfDescribingJson object at 0x70f56e3f3290>]}
[0m11:54:52.828989 [debug] [MainThread]: Flushing usage events
